This is pdfTeX, Version 3.141592653-2.6-1.40.25 (MiKTeX 24.1) (preloaded format=pdflatex 2024.4.8)  12 APR 2024 23:20
entering extended mode
 restricted \write18 enabled.
 file:line:error style messages enabled.
 %&-line parsing enabled.
**"c:/Users/DHRUVRAJ/Downloads/ONEDRIVE GMAIL DHRUV/Desktop/DESKTOP/second semester/CS108/latex/CS108_LaTeX/Examples/biblio.tex"
(c:/Users/DHRUVRAJ/Downloads/ONEDRIVE GMAIL DHRUV/Desktop/DESKTOP/second semester/CS108/latex/CS108_LaTeX/Examples/biblio.tex
LaTeX2e <2023-11-01> patch level 1
L3 programming layer <2024-01-04>
(C:\Users\DHRUVRAJ\AppData\Local\Programs\MiKTeX\tex/latex/base\article.cls
Document Class: article 2023/05/17 v1.4n Standard LaTeX document class
(C:\Users\DHRUVRAJ\AppData\Local\Programs\MiKTeX\tex/latex/base\size10.clo
File: size10.clo 2023/05/17 v1.4n Standard LaTeX file (size option)
)
\c@part=\count187
\c@section=\count188
\c@subsection=\count189
\c@subsubsection=\count190
\c@paragraph=\count191
\c@subparagraph=\count192
\c@figure=\count193
\c@table=\count194
\abovecaptionskip=\skip48
\belowcaptionskip=\skip49
\bibindent=\dimen140
) (C:\Users\DHRUVRAJ\AppData\Local\Programs\MiKTeX\tex/latex/l3backend\l3backend-pdftex.def
File: l3backend-pdftex.def 2024-01-04 L3 backend support: PDF output (pdfTeX)
\l__color_backend_stack_int=\count195
\l__pdf_internal_box=\box51
)
No file biblio.aux.
\openout1 = `biblio.aux'.

LaTeX Font Info:    Checking defaults for OML/cmm/m/it on input line 2.
LaTeX Font Info:    ... okay on input line 2.
LaTeX Font Info:    Checking defaults for OMS/cmsy/m/n on input line 2.
LaTeX Font Info:    ... okay on input line 2.
LaTeX Font Info:    Checking defaults for OT1/cmr/m/n on input line 2.
LaTeX Font Info:    ... okay on input line 2.
LaTeX Font Info:    Checking defaults for T1/cmr/m/n on input line 2.
LaTeX Font Info:    ... okay on input line 2.
LaTeX Font Info:    Checking defaults for TS1/cmr/m/n on input line 2.
LaTeX Font Info:    ... okay on input line 2.
LaTeX Font Info:    Checking defaults for OMX/cmex/m/n on input line 2.
LaTeX Font Info:    ... okay on input line 2.
LaTeX Font Info:    Checking defaults for U/cmr/m/n on input line 2.
LaTeX Font Info:    ... okay on input line 2.
LaTeX Font Info:    External font `cmex10' loaded for size
(Font)              <12> on input line 7.
LaTeX Font Info:    External font `cmex10' loaded for size
(Font)              <8> on input line 7.
LaTeX Font Info:    External font `cmex10' loaded for size
(Font)              <6> on input line 7.

LaTeX Warning: Citation `book_example' on page 1 undefined on input line 14.


LaTeX Warning: Citation `article_example' on page 1 undefined on input line 17.


LaTeX Warning: Citation `conference_example' on page 1 undefined on input line 20.


LaTeX Warning: Citation `website_example' on page 1 undefined on input line 23.

(biblio.bbl
biblio.bbl:22: Undefined control sequence.
l.22 \newblock \url
                   {http://example.com}, 2013.
The control sequence at the end of the top line
of your error message was never \def'ed. If you have
misspelled it (e.g., `\hobx'), type `I' and the correct
spelling (e.g., `I\hbox'). Otherwise just continue,
and I'll forget about whatever was undefined.

) [1

{C:/Users/DHRUVRAJ/AppData/Local/MiKTeX/fonts/map/pdftex/pdftex.map}] (biblio.aux)
 ***********
LaTeX2e <2023-11-01> patch level 1
L3 programming layer <2024-01-04>
 ***********


LaTeX Warning: There were undefined references.


LaTeX Warning: Label(s) may have changed. Rerun to get cross-references right.

 ) 
Here is how much of TeX's memory you used:
 473 strings out of 474486
 9686 string characters out of 5742340
 1929542 words of memory out of 5000000
 22826 multiletter control sequences out of 15000+600000
 562670 words of font info for 51 fonts, out of 8000000 for 9000
 1141 hyphenation exceptions out of 8191
 35i,6n,50p,274b,197s stack positions out of 10000i,1000n,20000p,200000b,200000s
<C:/Users/DHRUVRAJ/AppData/Local/Programs/MiKTeX/fonts/type1/public/amsfonts/cm/cmbx10.pfb><C:/Users/DHRUVRAJ/AppData/Local/Programs/MiKTeX/fonts/type1/public/amsfonts/cm/cmbx12.pfb><C:/Users/DHRUVRAJ/AppData/Local/Programs/MiKTeX/fonts/type1/public/amsfonts/cm/cmr10.pfb><C:/Users/DHRUVRAJ/AppData/Local/Programs/MiKTeX/fonts/type1/public/amsfonts/cm/cmr12.pfb><C:/Users/DHRUVRAJ/AppData/Local/Programs/MiKTeX/fonts/type1/public/amsfonts/cm/cmr17.pfb><C:/Users/DHRUVRAJ/AppData/Local/Programs/MiKTeX/fonts/type1/public/amsfonts/cm/cmti10.pfb>
Output written on biblio.pdf (1 page, 86101 bytes).
PDF statistics:
 36 PDF objects out of 1000 (max. 8388607)
 0 named destinations out of 1000 (max. 500000)
 1 words of extra memory for PDF output out of 10000 (max. 10000000)

